<?xml version="1.0" encoding="UTF-8"?>
<!-- Generated by org.testng.reporters.JUnitReportReporter -->
<testsuite hostname="DESKTOP-3TB14MB" failures="0" tests="14" name="testWorkflows.AttendanceTest" time="110.135" errors="0" timestamp="2025-09-04T16:52:26 IDT" skipped="0">
  <testcase classname="testWorkflows.AttendanceTest" name="TC_AT_001_SubmitStudentAttendance_CurrentDate" time="25.339"/>
  <testcase classname="testWorkflows.AttendanceTest" name="TC_AT_002_SubmitStudentAttendance_PastDate" time="7.549"/>
  <testcase classname="testWorkflows.AttendanceTest" name="TC_AT_003_SubmitStudentAttendance_FutureDate" time="7.504"/>
  <testcase classname="testWorkflows.AttendanceTest" name="TC_AT_004_SubmitEmployeeAttendance_CurrentDate" time="7.511"/>
  <testcase classname="testWorkflows.AttendanceTest" name="TC_AT_005_SubmitEmployeeAttendance_PastDate" time="7.494"/>
  <testcase classname="testWorkflows.AttendanceTest" name="TC_AT_006_SubmitEmployeeAttendance_FutureDate" time="7.671"/>
  <testcase classname="testWorkflows.AttendanceTest" name="TC_AT_007_ViewClassWiseAttendanceReport" time="4.520"/>
  <testcase classname="testWorkflows.AttendanceTest" name="TC_AT_008_ViewStudentAttendanceReport" time="4.816"/>
  <testcase classname="testWorkflows.AttendanceTest" name="TC_AT_009_ViewEmployeeAttendanceReport" time="3.807"/>
  <testcase classname="testWorkflows.AttendanceTest" name="TC_AT_010_FilterStudentReport_ByDate" time="5.564"/>
  <testcase classname="testWorkflows.AttendanceTest" name="TC_AT_011_FilterStudentReport_ByClass" time="5.509"/>
  <testcase classname="testWorkflows.AttendanceTest" name="TC_AT_012_FilterEmployeeReport_ByName" time="6.250"/>
  <testcase classname="testWorkflows.AttendanceTest" name="TC_AT_013_FilterEmployeeReport_ByDepartment" time="6.522"/>
  <testcase classname="testWorkflows.AttendanceTest" name="TC_AT_014_DownloadStudentReport" time="10.079"/>
</testsuite> <!-- testWorkflows.AttendanceTest -->
