<?xml version="1.0" encoding="UTF-8"?>
<!-- Generated by org.testng.reporters.JUnitReportReporter -->
<testsuite hostname="BADAHA" failures="0" tests="28" name="testWorkflows.Employee_Test" time="170.844" errors="0" timestamp="2025-09-05T01:11:12 EEST" skipped="0">
  <testcase classname="testWorkflows.Employee_Test" name="Login" time="2.759">
    <system-out>
      <![CDATA[Opeining browser
Entring username
Entring password
Clicking login]]>
    </system-out>
  </testcase> <!-- Login -->
  <testcase classname="testWorkflows.Employee_Test" name="Update_Emp_info" time="8.994">
    <system-out>
      <![CDATA[Clicking menu
Clicking All Employees
Clicking edit
updating employee form
Clicking update button]]>
    </system-out>
  </testcase> <!-- Update_Emp_info -->
  <testcase classname="testWorkflows.Employee_Test" name="view_employeeinfo" time="4.527">
    <system-out>
      <![CDATA[Clicking view button ]]>
    </system-out>
  </testcase> <!-- view_employeeinfo -->
  <testcase classname="testWorkflows.Employee_Test" name="search" time="3.657">
    <system-out>
      <![CDATA[Enering invalid name
Clicking username from List]]>
    </system-out>
  </testcase> <!-- search -->
  <testcase classname="testWorkflows.Employee_Test" name="allbutton" time="2.563"/>
  <testcase classname="testWorkflows.Employee_Test" name="Search_with_invalid_Data" time="2.983">
    <system-out>
      <![CDATA[Enering invalid name
Clicking username from List]]>
    </system-out>
  </testcase> <!-- Search_with_invalid_Data -->
  <testcase classname="testWorkflows.Employee_Test" name="delete_emp_byname" time="3.138">
    <system-out>
      <![CDATA[Deleteing Employee
Deleteing Confirmation]]>
    </system-out>
  </testcase> <!-- delete_emp_byname -->
  <testcase classname="testWorkflows.Employee_Test" name="addEmployeewithAll_Information_Vlaid" time="6.287">
    <system-out>
      <![CDATA[Clicking Submit]]>
    </system-out>
  </testcase> <!-- addEmployeewithAll_Information_Vlaid -->
  <testcase classname="testWorkflows.Employee_Test" name="addEmployeewithAll_Information_Vlaid" time="6.279">
    <system-out>
      <![CDATA[Clicking Submit]]>
    </system-out>
  </testcase> <!-- addEmployeewithAll_Information_Vlaid -->
  <testcase classname="testWorkflows.Employee_Test" name="addEmployeewithAll_Information_Vlaid" time="6.611">
    <system-out>
      <![CDATA[Clicking Submit]]>
    </system-out>
  </testcase> <!-- addEmployeewithAll_Information_Vlaid -->
  <testcase classname="testWorkflows.Employee_Test" name="addEmployeewithAll_Information_Vlaid" time="6.249">
    <system-out>
      <![CDATA[Clicking Submit]]>
    </system-out>
  </testcase> <!-- addEmployeewithAll_Information_Vlaid -->
  <testcase classname="testWorkflows.Employee_Test" name="addEmployeewithAll_Information_Vlaid" time="6.393">
    <system-out>
      <![CDATA[Clicking Submit]]>
    </system-out>
  </testcase> <!-- addEmployeewithAll_Information_Vlaid -->
  <testcase classname="testWorkflows.Employee_Test" name="addEmployeewithAll_Information_Vlaid" time="6.523">
    <system-out>
      <![CDATA[Clicking Submit]]>
    </system-out>
  </testcase> <!-- addEmployeewithAll_Information_Vlaid -->
  <testcase classname="testWorkflows.Employee_Test" name="addEmployeewithAll_Information_Vlaid" time="6.398">
    <system-out>
      <![CDATA[Clicking Submit]]>
    </system-out>
  </testcase> <!-- addEmployeewithAll_Information_Vlaid -->
  <testcase classname="testWorkflows.Employee_Test" name="addEmployeewithAll_Information_Vlaid" time="6.544">
    <system-out>
      <![CDATA[Clicking Submit]]>
    </system-out>
  </testcase> <!-- addEmployeewithAll_Information_Vlaid -->
  <testcase classname="testWorkflows.Employee_Test" name="addEmployeewithAll_Information_Vlaid" time="6.239">
    <system-out>
      <![CDATA[Clicking Submit]]>
    </system-out>
  </testcase> <!-- addEmployeewithAll_Information_Vlaid -->
  <testcase classname="testWorkflows.Employee_Test" name="addEmployeewithAll_Information_Vlaid" time="6.456">
    <system-out>
      <![CDATA[Clicking Submit]]>
    </system-out>
  </testcase> <!-- addEmployeewithAll_Information_Vlaid -->
  <testcase classname="testWorkflows.Employee_Test" name="check_valid" time="3.065"/>
  <testcase classname="testWorkflows.Employee_Test" name="addEmployeewithAll_Information_inVlaid" time="6.267">
    <system-out>
      <![CDATA[Clicking Submit]]>
    </system-out>
  </testcase> <!-- addEmployeewithAll_Information_inVlaid -->
  <testcase classname="testWorkflows.Employee_Test" name="addEmployeewithAll_Information_inVlaid" time="6.710">
    <system-out>
      <![CDATA[Clicking Submit]]>
    </system-out>
  </testcase> <!-- addEmployeewithAll_Information_inVlaid -->
  <testcase classname="testWorkflows.Employee_Test" name="check_invlaid" time="2.838"/>
  <testcase classname="testWorkflows.Employee_Test" name="addEmployeewithAll_Information_dublicated" time="5.998">
    <system-out>
      <![CDATA[Clicking Submit]]>
    </system-out>
  </testcase> <!-- addEmployeewithAll_Information_dublicated -->
  <testcase classname="testWorkflows.Employee_Test" name="addEmployeewithAll_Information_dublicated" time="6.001">
    <system-out>
      <![CDATA[Clicking Submit]]>
    </system-out>
  </testcase> <!-- addEmployeewithAll_Information_dublicated -->
  <testcase classname="testWorkflows.Employee_Test" name="addEmployeewithAll_Information_dublicated" time="6.333">
    <system-out>
      <![CDATA[Clicking Submit]]>
    </system-out>
  </testcase> <!-- addEmployeewithAll_Information_dublicated -->
  <testcase classname="testWorkflows.Employee_Test" name="check_dublicated" time="2.738"/>
  <testcase classname="testWorkflows.Employee_Test" name="Print_job_letter" time="8.868">
    <system-out>
      <![CDATA[Clicking Job letter section
Selecting Employee
Printing Employee job letter
Switching window ]]>
    </system-out>
  </testcase> <!-- Print_job_letter -->
  <testcase classname="testWorkflows.Employee_Test" name="Manage_login_Usernam_Password" time="21.056">
    <system-out>
      <![CDATA[Opeining Manage logn section
Reload List to view all
Saving Login Inofrmation of Employees 
Changing view Settings 
Searching for Employee account 
Changing Username and password of  Employee account 
Saving changes for Employee account ]]>
    </system-out>
  </testcase> <!-- Manage_login_Usernam_Password -->
  <testcase classname="testWorkflows.Employee_Test" name="Login_As_employee" time="8.370">
    <system-out>
      <![CDATA[Logging Out
Opeining browser
Entring username
Entring password
Clicking login]]>
    </system-out>
  </testcase> <!-- Login_As_employee -->
  <system-out>
    <![CDATA[Opeining browser
Entring username
Entring password
Clicking login
Clicking menu
Clicking All Employees
Clicking edit
updating employee form
Clicking update button
Clicking view button 
Enering invalid name
Clicking username from List
Enering invalid name
Clicking username from List
Deleteing Employee
Deleteing Confirmation
Clicking Submit
Clicking Submit
Clicking Submit
Clicking Submit
Clicking Submit
Clicking Submit
Clicking Submit
Clicking Submit
Clicking Submit
Clicking Submit
Clicking Submit
Clicking Submit
Clicking Submit
Clicking Submit
Clicking Submit
Clicking Job letter section
Selecting Employee
Printing Employee job letter
Switching window 
Opeining Manage logn section
Reload List to view all
Saving Login Inofrmation of Employees 
Changing view Settings 
Searching for Employee account 
Changing Username and password of  Employee account 
Saving changes for Employee account 
Logging Out
Opeining browser
Entring username
Entring password
Clicking login]]>
  </system-out>
</testsuite> <!-- testWorkflows.Employee_Test -->
