<?xml version="1.0" encoding="UTF-8"?>
<!-- Generated by org.testng.reporters.JUnitReportReporter -->
<testsuite hostname="DESKTOP-3TB14MB" failures="0" tests="1" name="testWorkflows.LoginTest" time="27.220" errors="0" timestamp="2025-09-03T20:58:52 IDT" skipped="0">
  <testcase classname="testWorkflows.LoginTest" name="testLogin" time="27.220"/>
</testsuite> <!-- testWorkflows.LoginTest -->
