<?xml version="1.0" encoding="UTF-8"?>
<!-- Generated by org.testng.reporters.JUnitReportReporter -->
<testsuite hostname="BADAHA" failures="0" tests="5" name="testWorkflows.Employee_Test" time="10.361" errors="0" timestamp="2025-09-03T19:34:17 EEST" skipped="0">
  <testcase classname="testWorkflows.Employee_Test" name="Login" time="2.549">
    <system-out>
      <![CDATA[Opeining browser
Entring username
Entring password
Clicking login]]>
    </system-out>
  </testcase> <!-- Login -->
  <testcase classname="testWorkflows.Employee_Test" name="search" time="1.983">
    <system-out>
      <![CDATA[Clicking menu
Clicking All Employees
Enering employye name]]>
    </system-out>
  </testcase> <!-- search -->
  <testcase classname="testWorkflows.Employee_Test" name="allbutton" time="2.114"/>
  <testcase classname="testWorkflows.Employee_Test" name="Search_with_invalid_Data" time="2.056">
    <system-out>
      <![CDATA[Clicking menu
Clicking All Employees
Enering invalid name]]>
    </system-out>
  </testcase> <!-- Search_with_invalid_Data -->
  <testcase classname="testWorkflows.Employee_Test" name="delete_emp_byname" time="1.659"/>
  <system-out>
    <![CDATA[Opeining browser
Entring username
Entring password
Clicking login
Clicking menu
Clicking All Employees
Enering employye name
Clicking menu
Clicking All Employees
Enering invalid name]]>
  </system-out>
</testsuite> <!-- testWorkflows.Employee_Test -->
