<?xml version="1.0" encoding="UTF-8"?>
<!-- Generated by org.testng.reporters.JUnitReportReporter -->
<testsuite hostname="BADAHA" failures="0" tests="28" name="testWorkflows.Employee_Test" time="138.864" errors="0" timestamp="2025-09-04T02:23:54 EEST" skipped="0">
  <testcase classname="testWorkflows.Employee_Test" name="Login" time="2.560">
    <system-out>
      <![CDATA[Opeining browser
Entring username
Entring password
Clicking login]]>
    </system-out>
  </testcase> <!-- Login -->
  <testcase classname="testWorkflows.Employee_Test" name="Update_Emp_info" time="8.918">
    <system-out>
      <![CDATA[Clicking menu
Clicking All Employees
Clicking edit
updating employee form
Clicking update button]]>
    </system-out>
  </testcase> <!-- Update_Emp_info -->
  <testcase classname="testWorkflows.Employee_Test" name="view_employeeinfo" time="3.974">
    <system-out>
      <![CDATA[Clicking menu
Clicking All Employees
Clicking view button ]]>
    </system-out>
  </testcase> <!-- view_employeeinfo -->
  <testcase classname="testWorkflows.Employee_Test" name="search" time="3.300">
    <system-out>
      <![CDATA[Clicking menu
Clicking All Employees
Enering employye name]]>
    </system-out>
  </testcase> <!-- search -->
  <testcase classname="testWorkflows.Employee_Test" name="allbutton" time="1.805"/>
  <testcase classname="testWorkflows.Employee_Test" name="Search_with_invalid_Data" time="3.385">
    <system-out>
      <![CDATA[Clicking menu
Clicking All Employees
Enering invalid name
Clicking username from List]]>
    </system-out>
  </testcase> <!-- Search_with_invalid_Data -->
  <testcase classname="testWorkflows.Employee_Test" name="delete_emp_byname" time="2.066">
    <system-out>
      <![CDATA[Deleteing Employee
Deleteing Confirmation]]>
    </system-out>
  </testcase> <!-- delete_emp_byname -->
  <testcase classname="testWorkflows.Employee_Test" name="addEmployeewithAll_Information_Vlaid" time="4.152">
    <system-out>
      <![CDATA[clicking main menu
Selecting Employee Section
Filling form
Clicking Submit]]>
    </system-out>
  </testcase> <!-- addEmployeewithAll_Information_Vlaid -->
  <testcase classname="testWorkflows.Employee_Test" name="addEmployeewithAll_Information_Vlaid" time="4.196">
    <system-out>
      <![CDATA[clicking main menu
Selecting Employee Section
Filling form
Clicking Submit]]>
    </system-out>
  </testcase> <!-- addEmployeewithAll_Information_Vlaid -->
  <testcase classname="testWorkflows.Employee_Test" name="addEmployeewithAll_Information_Vlaid" time="4.202">
    <system-out>
      <![CDATA[clicking main menu
Selecting Employee Section
Filling form
Clicking Submit]]>
    </system-out>
  </testcase> <!-- addEmployeewithAll_Information_Vlaid -->
  <testcase classname="testWorkflows.Employee_Test" name="addEmployeewithAll_Information_Vlaid" time="4.266">
    <system-out>
      <![CDATA[clicking main menu
Selecting Employee Section
Filling form
Clicking Submit]]>
    </system-out>
  </testcase> <!-- addEmployeewithAll_Information_Vlaid -->
  <testcase classname="testWorkflows.Employee_Test" name="addEmployeewithAll_Information_Vlaid" time="4.296">
    <system-out>
      <![CDATA[clicking main menu
Selecting Employee Section
Filling form
Clicking Submit]]>
    </system-out>
  </testcase> <!-- addEmployeewithAll_Information_Vlaid -->
  <testcase classname="testWorkflows.Employee_Test" name="addEmployeewithAll_Information_Vlaid" time="5.851">
    <system-out>
      <![CDATA[clicking main menu
Selecting Employee Section
Filling form
Clicking Submit]]>
    </system-out>
  </testcase> <!-- addEmployeewithAll_Information_Vlaid -->
  <testcase classname="testWorkflows.Employee_Test" name="addEmployeewithAll_Information_Vlaid" time="4.239">
    <system-out>
      <![CDATA[clicking main menu
Selecting Employee Section
Filling form
Clicking Submit]]>
    </system-out>
  </testcase> <!-- addEmployeewithAll_Information_Vlaid -->
  <testcase classname="testWorkflows.Employee_Test" name="addEmployeewithAll_Information_Vlaid" time="4.390">
    <system-out>
      <![CDATA[clicking main menu
Selecting Employee Section
Filling form
Clicking Submit]]>
    </system-out>
  </testcase> <!-- addEmployeewithAll_Information_Vlaid -->
  <testcase classname="testWorkflows.Employee_Test" name="addEmployeewithAll_Information_Vlaid" time="4.149">
    <system-out>
      <![CDATA[clicking main menu
Selecting Employee Section
Filling form
Clicking Submit]]>
    </system-out>
  </testcase> <!-- addEmployeewithAll_Information_Vlaid -->
  <testcase classname="testWorkflows.Employee_Test" name="addEmployeewithAll_Information_Vlaid" time="4.274">
    <system-out>
      <![CDATA[clicking main menu
Selecting Employee Section
Filling form
Clicking Submit]]>
    </system-out>
  </testcase> <!-- addEmployeewithAll_Information_Vlaid -->
  <testcase classname="testWorkflows.Employee_Test" name="check_valid" time="2.228">
    <system-out>
      <![CDATA[Clicking menu
Clicking All Employees]]>
    </system-out>
  </testcase> <!-- check_valid -->
  <testcase classname="testWorkflows.Employee_Test" name="addEmployeewithAll_Information_inVlaid" time="5.690">
    <system-out>
      <![CDATA[clicking main menu
Selecting Employee Section
Filling form
Clicking Submit]]>
    </system-out>
  </testcase> <!-- addEmployeewithAll_Information_inVlaid -->
  <testcase classname="testWorkflows.Employee_Test" name="addEmployeewithAll_Information_inVlaid" time="4.608">
    <system-out>
      <![CDATA[clicking main menu
Selecting Employee Section
Filling form
Clicking Submit]]>
    </system-out>
  </testcase> <!-- addEmployeewithAll_Information_inVlaid -->
  <testcase classname="testWorkflows.Employee_Test" name="check_invlaid" time="1.798">
    <system-out>
      <![CDATA[Clicking menu
Clicking All Employees]]>
    </system-out>
  </testcase> <!-- check_invlaid -->
  <testcase classname="testWorkflows.Employee_Test" name="addEmployeewithAll_Information_dublicated" time="4.223">
    <system-out>
      <![CDATA[clicking main menu
Selecting Employee Section
Filling form
Clicking Submit]]>
    </system-out>
  </testcase> <!-- addEmployeewithAll_Information_dublicated -->
  <testcase classname="testWorkflows.Employee_Test" name="addEmployeewithAll_Information_dublicated" time="4.062">
    <system-out>
      <![CDATA[clicking main menu
Selecting Employee Section
Filling form
Clicking Submit]]>
    </system-out>
  </testcase> <!-- addEmployeewithAll_Information_dublicated -->
  <testcase classname="testWorkflows.Employee_Test" name="addEmployeewithAll_Information_dublicated" time="5.553">
    <system-out>
      <![CDATA[clicking main menu
Selecting Employee Section
Filling form
Clicking Submit]]>
    </system-out>
  </testcase> <!-- addEmployeewithAll_Information_dublicated -->
  <testcase classname="testWorkflows.Employee_Test" name="check_dublicated" time="1.811">
    <system-out>
      <![CDATA[Clicking menu
Clicking All Employees]]>
    </system-out>
  </testcase> <!-- check_dublicated -->
  <testcase classname="testWorkflows.Employee_Test" name="Print_job_letter" time="9.991">
    <system-out>
      <![CDATA[Clicking main menu
Clicking Employee section
Clicking Job letter section
Selecting Employee
Printing Employee job letter
Switching window ]]>
    </system-out>
  </testcase> <!-- Print_job_letter -->
  <testcase classname="testWorkflows.Employee_Test" name="Manage_login_Usernam_Password" time="20.575">
    <system-out>
      <![CDATA[Opeining Main Menu
Opeining clicking employee list
Opeining Manage logn section
Reload List to view all
Saving Login Inofrmation of Employees 
Changing view Settings 
Searching for Employee account 
Changing Username and password of  Employee account 
Saving changes for Employee account ]]>
    </system-out>
  </testcase> <!-- Manage_login_Usernam_Password -->
  <testcase classname="testWorkflows.Employee_Test" name="Login_As_employee" time="8.302">
    <system-out>
      <![CDATA[Logging Out
Opeining browser
Entring username
Entring password
Clicking login]]>
    </system-out>
  </testcase> <!-- Login_As_employee -->
  <system-out>
    <![CDATA[Opeining browser
Entring username
Entring password
Clicking login
Clicking menu
Clicking All Employees
Clicking edit
updating employee form
Clicking update button
Clicking menu
Clicking All Employees
Clicking view button 
Clicking menu
Clicking All Employees
Enering employye name
Clicking menu
Clicking All Employees
Enering invalid name
Clicking username from List
Deleteing Employee
Deleteing Confirmation
clicking main menu
Selecting Employee Section
Filling form
Clicking Submit
clicking main menu
Selecting Employee Section
Filling form
Clicking Submit
clicking main menu
Selecting Employee Section
Filling form
Clicking Submit
clicking main menu
Selecting Employee Section
Filling form
Clicking Submit
clicking main menu
Selecting Employee Section
Filling form
Clicking Submit
clicking main menu
Selecting Employee Section
Filling form
Clicking Submit
clicking main menu
Selecting Employee Section
Filling form
Clicking Submit
clicking main menu
Selecting Employee Section
Filling form
Clicking Submit
clicking main menu
Selecting Employee Section
Filling form
Clicking Submit
clicking main menu
Selecting Employee Section
Filling form
Clicking Submit
Clicking menu
Clicking All Employees
clicking main menu
Selecting Employee Section
Filling form
Clicking Submit
clicking main menu
Selecting Employee Section
Filling form
Clicking Submit
Clicking menu
Clicking All Employees
clicking main menu
Selecting Employee Section
Filling form
Clicking Submit
clicking main menu
Selecting Employee Section
Filling form
Clicking Submit
clicking main menu
Selecting Employee Section
Filling form
Clicking Submit
Clicking menu
Clicking All Employees
Clicking main menu
Clicking Employee section
Clicking Job letter section
Selecting Employee
Printing Employee job letter
Switching window 
Opeining Main Menu
Opeining clicking employee list
Opeining Manage logn section
Reload List to view all
Saving Login Inofrmation of Employees 
Changing view Settings 
Searching for Employee account 
Changing Username and password of  Employee account 
Saving changes for Employee account 
Logging Out
Opeining browser
Entring username
Entring password
Clicking login]]>
  </system-out>
</testsuite> <!-- testWorkflows.Employee_Test -->
